<?xml version="1.0" encoding="UTF-8"?>
<!-- Generated by org.testng.reporters.JUnitReportReporter -->
<testsuite hostname="caddstudio-PC" failures="0" tests="1" name="com.nopcommerce.TestCases.TC_LoginTest_001" time="20.305" errors="0" timestamp="29 Nov 2021 06:57:54 GMT" skipped="0">
  <testcase classname="com.nopcommerce.TestCases.TC_LoginTest_001" name="loginTest" time="20.305"/>
</testsuite> <!-- com.nopcommerce.TestCases.TC_LoginTest_001 -->
