<?xml version="1.0" encoding="UTF-8"?>
<!-- Generated by org.testng.reporters.JUnitReportReporter -->
<testsuite hostname="caddstudio-PC" failures="0" tests="1" name="com.nopcommerce.TestCases.TC_AddCustomerTest_003" time="29.287" errors="0" timestamp="29 Nov 2021 12:45:08 GMT" skipped="0">
  <testcase classname="com.nopcommerce.TestCases.TC_AddCustomerTest_003" name="addNewCustomer" time="29.287"/>
</testsuite> <!-- com.nopcommerce.TestCases.TC_AddCustomerTest_003 -->
